TN:
SF:buscarPalabra\buscarPalabra.js
FN:7,coincidencias
FNF:1
FNH:1
FNDA:3,coincidencias
DA:1,1
DA:2,1
DA:3,1
DA:4,1
DA:5,1
DA:6,1
DA:7,1
DA:8,3
DA:9,3
DA:10,3
DA:11,3
DA:12,3
DA:13,1
DA:14,1
DA:15,1
DA:16,1
DA:17,1
DA:18,1
DA:19,1
DA:20,1
DA:21,1
DA:22,1
DA:23,1
DA:24,1
DA:25,1
DA:26,1
DA:27,1
DA:28,1
DA:29,1
DA:30,3
DA:31,3
DA:32,3
DA:33,1
DA:34,1
DA:35,1
LF:35
LH:35
BRDA:7,0,0,3
BRDA:12,1,0,2
BRDA:15,2,0,6
BRDA:16,3,0,2
BRDA:16,4,0,4
BRDA:12,5,0,1
BRF:6
BRH:6
end_of_record
TN:
SF:impares\impares.js
FN:3,esImpar
FNF:1
FNH:1
FNDA:2,esImpar
DA:1,1
DA:2,1
DA:3,1
DA:4,2
DA:5,2
DA:6,2
DA:7,2
DA:8,43
DA:9,21
DA:10,21
DA:11,21
DA:12,21
DA:13,21
DA:14,43
DA:15,2
DA:16,1
DA:17,1
DA:18,1
DA:19,1
DA:20,1
DA:21,1
DA:22,2
DA:23,2
DA:24,1
DA:25,1
LF:25
LH:25
BRDA:3,0,0,2
BRDA:7,1,0,43
BRDA:8,2,0,22
BRDA:8,3,0,21
BRDA:15,4,0,1
BRF:5
BRH:5
end_of_record
TN:
SF:mostrarSecuencia\mostrarSecuencia.js
FN:4,definirSecuencia
FNF:1
FNH:1
FNDA:3,definirSecuencia
DA:1,1
DA:2,1
DA:3,1
DA:4,1
DA:5,3
DA:6,3
DA:7,3
DA:8,3
DA:9,2
DA:10,2
DA:11,2
DA:12,2
DA:13,29
DA:14,29
DA:15,2
DA:16,3
DA:17,3
DA:18,1
DA:19,1
DA:20,1
DA:21,1
DA:22,1
DA:23,1
DA:24,3
DA:25,3
DA:26,1
DA:27,1
LF:27
LH:27
BRDA:4,0,0,3
BRDA:8,1,0,1
BRDA:8,2,0,2
BRDA:12,3,0,29
BRDA:17,4,0,2
BRDA:17,5,0,1
BRF:6
BRH:6
end_of_record
TN:
SF:palindrono\palindromo.js
FN:4,esPalindromo
FNF:1
FNH:1
FNDA:2,esPalindromo
DA:1,1
DA:2,1
DA:3,1
DA:4,1
DA:5,2
DA:6,2
DA:7,2
DA:8,2
DA:9,2
DA:10,2
DA:11,10
DA:12,10
DA:13,2
DA:14,2
DA:15,2
DA:16,1
DA:17,1
DA:18,1
DA:19,1
DA:20,2
DA:21,2
DA:22,1
LF:22
LH:22
BRDA:4,0,0,2
BRDA:10,1,0,10
BRDA:15,2,0,1
BRF:3
BRH:3
end_of_record
